(pytorch) ubuntu@ip-172-31-14-208:~/mnist-fine-tuned-pro$ python -m src.train --model super_light --is_train_aug True
Using device: cuda
Selected model: super_light
Total parameters: 4842
Training Data Augmented: True

Epoch 1/15
==================================================
Realtime Epoch Training:   0%|                              | 0/469 [00:00<?, ?it/s]/opt/conda/envs/pytorch/lib/python3.11/site-packages/torch/autograd/graph.py:825: UserWarning: adaptive_avg_pool2d_backward_cuda does not have a deterministic implementation, but you set 'torch.use_deterministic_algorithms(True, warn_only=True)'. You can file an issue at https://github.com/pytorch/pytorch/issues to help us prioritize adding deterministic support for this operation. (Triggered internally at /opt/conda/conda-bld/pytorch_1729647429097/work/aten/src/ATen/Context.cpp:91.)
  return Variable._execution_engine.run_backward(  # Calls into the C++ engine to run the backward pass
Realtime Epoch Training Accuracy: 97.92% | Loss: 0.0843: 100%|██████████████████████████████| 469/469 [00:12<00:00, 38.44it/s] 

Calculating final training accuracy...
Epoch 1 Training: 96.25% | Loss: 0.1297: 100%|██████████████████████████████| 469/469 [00:11<00:00, 41.21it/s]

Calculating test accuracy...
Epoch 1 Testing: 97.93% | Loss: 0.0751: 100%|██████████████████████████████| 79/79 [00:01<00:00, 77.75it/s]

Epoch 1 Summary:
Training - Accuracy: 96.25%, Loss: 0.1297
Testing  - Accuracy: 97.93%, Loss: 0.0751
New best accuracy! Saving model...

Epoch 2/15
==================================================
Realtime Epoch Training Accuracy: 98.96% | Loss: 0.0514: 100%|██████████████████████████████| 469/469 [00:11<00:00, 39.40it/s] 

Calculating final training accuracy...
Epoch 2 Training: 97.22% | Loss: 0.0891: 100%|██████████████████████████████| 469/469 [00:11<00:00, 41.10it/s]

Calculating test accuracy...
Epoch 2 Testing: 98.44% | Loss: 0.0478: 100%|██████████████████████████████| 79/79 [00:00<00:00, 81.38it/s]

Epoch 2 Summary:
Training - Accuracy: 97.22%, Loss: 0.0891
Testing  - Accuracy: 98.44%, Loss: 0.0478
New best accuracy! Saving model...

Epoch 3/15
==================================================
Realtime Epoch Training Accuracy: 97.92% | Loss: 0.0638: 100%|██████████████████████████████| 469/469 [00:12<00:00, 39.06it/s] 

Calculating final training accuracy...
Epoch 3 Training: 97.17% | Loss: 0.0901: 100%|██████████████████████████████| 469/469 [00:11<00:00, 40.12it/s]

Calculating test accuracy...
Epoch 3 Testing: 98.42% | Loss: 0.0476: 100%|██████████████████████████████| 79/79 [00:00<00:00, 82.25it/s]

Epoch 3 Summary:
Training - Accuracy: 97.17%, Loss: 0.0901
Testing  - Accuracy: 98.42%, Loss: 0.0476

Epoch 4/15
==================================================
Realtime Epoch Training Accuracy: 98.96% | Loss: 0.0329: 100%|██████████████████████████████| 469/469 [00:11<00:00, 40.80it/s] 

Calculating final training accuracy...
Epoch 4 Training: 97.59% | Loss: 0.0763: 100%|██████████████████████████████| 469/469 [00:11<00:00, 40.93it/s]

Calculating test accuracy...
Epoch 4 Testing: 98.57% | Loss: 0.0445: 100%|██████████████████████████████| 79/79 [00:01<00:00, 73.79it/s]

Epoch 4 Summary:
Training - Accuracy: 97.59%, Loss: 0.0763
Testing  - Accuracy: 98.57%, Loss: 0.0445
New best accuracy! Saving model...

Epoch 5/15
==================================================
Realtime Epoch Training Accuracy: 98.96% | Loss: 0.0267: 100%|██████████████████████████████| 469/469 [00:11<00:00, 40.45it/s] 

Calculating final training accuracy...
Epoch 5 Training: 98.25% | Loss: 0.0568: 100%|██████████████████████████████| 469/469 [00:11<00:00, 40.38it/s]

Calculating test accuracy...
Epoch 5 Testing: 98.98% | Loss: 0.0314: 100%|██████████████████████████████| 79/79 [00:00<00:00, 81.71it/s]

Epoch 5 Summary:
Training - Accuracy: 98.25%, Loss: 0.0568
Testing  - Accuracy: 98.98%, Loss: 0.0314
New best accuracy! Saving model...

Epoch 6/15
==================================================
Realtime Epoch Training Accuracy: 97.92% | Loss: 0.0590: 100%|██████████████████████████████| 469/469 [00:11<00:00, 39.40it/s] 

Calculating final training accuracy...
Epoch 6 Training: 98.56% | Loss: 0.0458: 100%|██████████████████████████████| 469/469 [00:11<00:00, 41.37it/s]

Calculating test accuracy...
Epoch 6 Testing: 99.03% | Loss: 0.0280: 100%|██████████████████████████████| 79/79 [00:00<00:00, 81.11it/s]

Epoch 6 Summary:
Training - Accuracy: 98.56%, Loss: 0.0458
Testing  - Accuracy: 99.03%, Loss: 0.0280
New best accuracy! Saving model...

Epoch 7/15
==================================================
Realtime Epoch Training Accuracy: 98.96% | Loss: 0.0263: 100%|██████████████████████████████| 469/469 [00:11<00:00, 41.11it/s] 

Calculating final training accuracy...
Epoch 7 Training: 98.72% | Loss: 0.0418: 100%|██████████████████████████████| 469/469 [00:11<00:00, 40.84it/s]

Calculating test accuracy...
Epoch 7 Testing: 99.16% | Loss: 0.0255: 100%|██████████████████████████████| 79/79 [00:01<00:00, 77.23it/s]

Epoch 7 Summary:
Training - Accuracy: 98.72%, Loss: 0.0418
Testing  - Accuracy: 99.16%, Loss: 0.0255
New best accuracy! Saving model...

Epoch 8/15
==================================================
Realtime Epoch Training Accuracy: 95.83% | Loss: 0.0846: 100%|██████████████████████████████| 469/469 [00:11<00:00, 40.22it/s] 

Calculating final training accuracy...
Epoch 8 Training: 98.74% | Loss: 0.0398: 100%|██████████████████████████████| 469/469 [00:11<00:00, 41.21it/s]

Calculating test accuracy...
Epoch 8 Testing: 99.26% | Loss: 0.0230: 100%|██████████████████████████████| 79/79 [00:01<00:00, 76.38it/s]

Epoch 8 Summary:
Training - Accuracy: 98.74%, Loss: 0.0398
Testing  - Accuracy: 99.26%, Loss: 0.0230
New best accuracy! Saving model...

Epoch 9/15
==================================================
Realtime Epoch Training Accuracy: 100.00% | Loss: 0.0167: 100%|██████████████████████████████| 469/469 [00:11<00:00, 40.16it/s]

Calculating final training accuracy...
Epoch 9 Training: 98.90% | Loss: 0.0347: 100%|██████████████████████████████| 469/469 [00:11<00:00, 40.56it/s]

Calculating test accuracy...
Epoch 9 Testing: 99.26% | Loss: 0.0208: 100%|██████████████████████████████| 79/79 [00:00<00:00, 80.49it/s]

Epoch 9 Summary:
Training - Accuracy: 98.90%, Loss: 0.0347
Testing  - Accuracy: 99.26%, Loss: 0.0208

Epoch 10/15
==================================================
Realtime Epoch Training Accuracy: 100.00% | Loss: 0.0112: 100%|██████████████████████████████| 469/469 [00:11<00:00, 40.14it/s]

Calculating final training accuracy...
Epoch 10 Training: 98.93% | Loss: 0.0328: 100%|██████████████████████████████| 469/469 [00:11<00:00, 40.68it/s]

Calculating test accuracy...
Epoch 10 Testing: 99.27% | Loss: 0.0211: 100%|██████████████████████████████| 79/79 [00:00<00:00, 79.98it/s]

Epoch 10 Summary:
Training - Accuracy: 98.93%, Loss: 0.0328
Testing  - Accuracy: 99.27%, Loss: 0.0211
New best accuracy! Saving model...

Epoch 11/15
==================================================
Realtime Epoch Training Accuracy: 97.92% | Loss: 0.0639: 100%|██████████████████████████████| 469/469 [00:11<00:00, 40.01it/s] 

Calculating final training accuracy...
Epoch 11 Training: 99.14% | Loss: 0.0283: 100%|██████████████████████████████| 469/469 [00:11<00:00, 40.94it/s]

Calculating test accuracy...
Epoch 11 Testing: 99.45% | Loss: 0.0182: 100%|██████████████████████████████| 79/79 [00:00<00:00, 80.91it/s]

Epoch 11 Summary:
Training - Accuracy: 99.14%, Loss: 0.0283
Testing  - Accuracy: 99.45%, Loss: 0.0182
New best accuracy! Saving model...

Epoch 12/15
==================================================
Realtime Epoch Training Accuracy: 98.96% | Loss: 0.0230: 100%|██████████████████████████████| 469/469 [00:11<00:00, 39.76it/s] 

Calculating final training accuracy...
Epoch 12 Training: 99.13% | Loss: 0.0265: 100%|██████████████████████████████| 469/469 [00:11<00:00, 41.44it/s]

Calculating test accuracy...
Epoch 12 Testing: 99.40% | Loss: 0.0190: 100%|██████████████████████████████| 79/79 [00:00<00:00, 80.82it/s]

Epoch 12 Summary:
Training - Accuracy: 99.13%, Loss: 0.0265
Testing  - Accuracy: 99.40%, Loss: 0.0190

Epoch 13/15
==================================================
Realtime Epoch Training Accuracy: 98.96% | Loss: 0.0219: 100%|██████████████████████████████| 469/469 [00:11<00:00, 40.30it/s] 

Calculating final training accuracy...
Epoch 13 Training: 99.28% | Loss: 0.0228: 100%|██████████████████████████████| 469/469 [00:11<00:00, 41.29it/s]

Calculating test accuracy...
Epoch 13 Testing: 99.46% | Loss: 0.0156: 100%|██████████████████████████████| 79/79 [00:01<00:00, 78.05it/s]

Epoch 13 Summary:
Training - Accuracy: 99.28%, Loss: 0.0228
Testing  - Accuracy: 99.46%, Loss: 0.0156
New best accuracy! Saving model...

Epoch 14/15
==================================================
Realtime Epoch Training Accuracy: 98.96% | Loss: 0.0291: 100%|██████████████████████████████| 469/469 [00:11<00:00, 40.53it/s] 

Calculating final training accuracy...
Epoch 14 Training: 99.26% | Loss: 0.0231: 100%|██████████████████████████████| 469/469 [00:11<00:00, 40.57it/s]

Calculating test accuracy...
Epoch 14 Testing: 99.46% | Loss: 0.0157: 100%|██████████████████████████████| 79/79 [00:00<00:00, 81.31it/s]

Epoch 14 Summary:
Training - Accuracy: 99.26%, Loss: 0.0231
Testing  - Accuracy: 99.46%, Loss: 0.0157

Epoch 15/15
==================================================
Realtime Epoch Training Accuracy: 98.96% | Loss: 0.0216: 100%|██████████████████████████████| 469/469 [00:11<00:00, 40.14it/s] 

Calculating final training accuracy...
Epoch 15 Training: 99.29% | Loss: 0.0217: 100%|██████████████████████████████| 469/469 [00:11<00:00, 41.47it/s]

Calculating test accuracy...
Epoch 15 Testing: 99.48% | Loss: 0.0152: 100%|██████████████████████████████| 79/79 [00:00<00:00, 79.31it/s]

Epoch 15 Summary:
Training - Accuracy: 99.29%, Loss: 0.0217
Testing  - Accuracy: 99.48%, Loss: 0.0152
New best accuracy! Saving model...

==================================================
TRAINING COMPLETED - FINAL RESULTS
==================================================

Model Architecture:
└── Total Parameters: 4,842

Best Model achieved at Epoch 15:
├── Training Accuracy: 99.29%
├── Training Loss: 0.0217
├── Test Accuracy: 99.48%
└── Test Loss: 0.0152

Model saved as: 'best_model.pth'
==================================================