(session7) (base) Chaitanyas-MacBook-Pro:mnist-fine-tuned-pro chaitanyasagargurujula$ python -m src.train --model light --is_train_aug True
Using device: cpu
Selected model: light
Total parameters: 4738
Training Data Augmented: True

Epoch 1/15
==================================================
Realtime Epoch Training Accuracy: 95.83% | Loss: 0.1638: 100%|██████████████████████████████| 469/469 [00:13<00:00, 35.43it/s]

Calculating final training accuracy...
Epoch 1 Training: 92.44% | Loss: 0.2452: 100%|██████████████████████████████| 469/469 [00:04<00:00, 103.01it/s]

Calculating test accuracy...
Epoch 1 Testing: 94.89% | Loss: 0.1558: 100%|██████████████████████████████| 79/79 [00:01<00:00, 41.30it/s]

Epoch 1 Summary:
Training - Accuracy: 92.44%, Loss: 0.2452
Testing  - Accuracy: 94.89%, Loss: 0.1558
New best accuracy! Saving model...

Epoch 2/15
==================================================
Realtime Epoch Training Accuracy: 95.83% | Loss: 0.1569: 100%|██████████████████████████████| 469/469 [00:12<00:00, 36.28it/s] 

Calculating final training accuracy...
Epoch 2 Training: 95.94% | Loss: 0.1323: 100%|██████████████████████████████| 469/469 [00:04<00:00, 102.23it/s]

Calculating test accuracy...
Epoch 2 Testing: 97.83% | Loss: 0.0679: 100%|██████████████████████████████| 79/79 [00:01<00:00, 41.78it/s]

Epoch 2 Summary:
Training - Accuracy: 95.94%, Loss: 0.1323
Testing  - Accuracy: 97.83%, Loss: 0.0679
New best accuracy! Saving model...

Epoch 3/15
==================================================
Realtime Epoch Training Accuracy: 97.92% | Loss: 0.0589: 100%|██████████████████████████████| 469/469 [00:13<00:00, 35.49it/s] 

Calculating final training accuracy...
Epoch 3 Training: 97.03% | Loss: 0.0956: 100%|██████████████████████████████| 469/469 [00:04<00:00, 103.76it/s]

Calculating test accuracy...
Epoch 3 Testing: 98.21% | Loss: 0.0574: 100%|██████████████████████████████| 79/79 [00:01<00:00, 41.68it/s]

Epoch 3 Summary:
Training - Accuracy: 97.03%, Loss: 0.0956
Testing  - Accuracy: 98.21%, Loss: 0.0574
New best accuracy! Saving model...

Epoch 4/15
==================================================
Realtime Epoch Training Accuracy: 96.88% | Loss: 0.0691: 100%|██████████████████████████████| 469/469 [00:12<00:00, 36.12it/s] 

Calculating final training accuracy...
Epoch 4 Training: 96.44% | Loss: 0.1113: 100%|██████████████████████████████| 469/469 [00:04<00:00, 104.25it/s]

Calculating test accuracy...
Epoch 4 Testing: 97.76% | Loss: 0.0676: 100%|██████████████████████████████| 79/79 [00:01<00:00, 41.67it/s]

Epoch 4 Summary:
Training - Accuracy: 96.44%, Loss: 0.1113
Testing  - Accuracy: 97.76%, Loss: 0.0676

Epoch 5/15
==================================================
Realtime Epoch Training Accuracy: 97.92% | Loss: 0.0434: 100%|██████████████████████████████| 469/469 [00:14<00:00, 33.01it/s] 

Calculating final training accuracy...
Epoch 5 Training: 97.84% | Loss: 0.0718: 100%|██████████████████████████████| 469/469 [00:04<00:00, 105.72it/s]

Calculating test accuracy...
Epoch 5 Testing: 98.66% | Loss: 0.0403: 100%|██████████████████████████████| 79/79 [00:01<00:00, 41.89it/s]

Epoch 5 Summary:
Training - Accuracy: 97.84%, Loss: 0.0718
Testing  - Accuracy: 98.66%, Loss: 0.0403
New best accuracy! Saving model...

Epoch 6/15
==================================================
Realtime Epoch Training Accuracy: 97.92% | Loss: 0.0855: 100%|██████████████████████████████| 469/469 [00:12<00:00, 36.24it/s] 

Calculating final training accuracy...
Epoch 6 Training: 97.53% | Loss: 0.0780: 100%|██████████████████████████████| 469/469 [00:04<00:00, 103.76it/s]

Calculating test accuracy...
Epoch 6 Testing: 98.35% | Loss: 0.0536: 100%|██████████████████████████████| 79/79 [00:02<00:00, 39.36it/s]

Epoch 6 Summary:
Training - Accuracy: 97.53%, Loss: 0.0780
Testing  - Accuracy: 98.35%, Loss: 0.0536

Epoch 7/15
==================================================
Realtime Epoch Training Accuracy: 97.92% | Loss: 0.0663: 100%|██████████████████████████████| 469/469 [00:13<00:00, 34.64it/s] 

Calculating final training accuracy...
Epoch 7 Training: 98.24% | Loss: 0.0586: 100%|██████████████████████████████| 469/469 [00:04<00:00, 105.44it/s]

Calculating test accuracy...
Epoch 7 Testing: 98.82% | Loss: 0.0356: 100%|██████████████████████████████| 79/79 [00:01<00:00, 41.59it/s]

Epoch 7 Summary:
Training - Accuracy: 98.24%, Loss: 0.0586
Testing  - Accuracy: 98.82%, Loss: 0.0356
New best accuracy! Saving model...

Epoch 8/15
==================================================
Realtime Epoch Training Accuracy: 97.92% | Loss: 0.1860: 100%|██████████████████████████████| 469/469 [00:13<00:00, 34.33it/s] 

Calculating final training accuracy...
Epoch 8 Training: 98.37% | Loss: 0.0534: 100%|██████████████████████████████| 469/469 [00:04<00:00, 103.67it/s]

Calculating test accuracy...
Epoch 8 Testing: 99.05% | Loss: 0.0311: 100%|██████████████████████████████| 79/79 [00:01<00:00, 41.98it/s]

Epoch 8 Summary:
Training - Accuracy: 98.37%, Loss: 0.0534
Testing  - Accuracy: 99.05%, Loss: 0.0311
New best accuracy! Saving model...

Epoch 9/15
==================================================
Realtime Epoch Training Accuracy: 98.96% | Loss: 0.0876: 100%|██████████████████████████████| 469/469 [00:14<00:00, 32.76it/s] 

Calculating final training accuracy...
Epoch 9 Training: 98.56% | Loss: 0.0477: 100%|██████████████████████████████| 469/469 [00:04<00:00, 104.99it/s]

Calculating test accuracy...
Epoch 9 Testing: 98.88% | Loss: 0.0326: 100%|██████████████████████████████| 79/79 [00:01<00:00, 40.92it/s]

Epoch 9 Summary:
Training - Accuracy: 98.56%, Loss: 0.0477
Testing  - Accuracy: 98.88%, Loss: 0.0326

Epoch 10/15
==================================================
Realtime Epoch Training Accuracy: 98.96% | Loss: 0.0476: 100%|██████████████████████████████| 469/469 [00:13<00:00, 34.30it/s] 

Calculating final training accuracy...
Epoch 10 Training: 98.39% | Loss: 0.0517: 100%|██████████████████████████████| 469/469 [00:04<00:00, 102.44it/s]

Calculating test accuracy...
Epoch 10 Testing: 99.08% | Loss: 0.0306: 100%|██████████████████████████████| 79/79 [00:01<00:00, 41.74it/s]

Epoch 10 Summary:
Training - Accuracy: 98.39%, Loss: 0.0517
Testing  - Accuracy: 99.08%, Loss: 0.0306
New best accuracy! Saving model...

Epoch 11/15
==================================================
Realtime Epoch Training Accuracy: 95.83% | Loss: 0.0633: 100%|██████████████████████████████| 469/469 [00:13<00:00, 36.01it/s] 

Calculating final training accuracy...
Epoch 11 Training: 98.84% | Loss: 0.0378: 100%|██████████████████████████████| 469/469 [00:04<00:00, 103.38it/s]

Calculating test accuracy...
Epoch 11 Testing: 99.01% | Loss: 0.0270: 100%|██████████████████████████████| 79/79 [00:01<00:00, 41.51it/s]

Epoch 11 Summary:
Training - Accuracy: 98.84%, Loss: 0.0378
Testing  - Accuracy: 99.01%, Loss: 0.0270

Epoch 12/15
==================================================
Realtime Epoch Training Accuracy: 97.92% | Loss: 0.0390: 100%|██████████████████████████████| 469/469 [00:13<00:00, 34.75it/s] 

Calculating final training accuracy...
Epoch 12 Training: 98.89% | Loss: 0.0344: 100%|██████████████████████████████| 469/469 [00:04<00:00, 97.18it/s] 

Calculating test accuracy...
Epoch 12 Testing: 99.09% | Loss: 0.0250: 100%|██████████████████████████████| 79/79 [00:01<00:00, 41.50it/s]

Epoch 12 Summary:
Training - Accuracy: 98.89%, Loss: 0.0344
Testing  - Accuracy: 99.09%, Loss: 0.0250
New best accuracy! Saving model...

Epoch 13/15
==================================================
Realtime Epoch Training Accuracy: 98.96% | Loss: 0.0224: 100%|██████████████████████████████| 469/469 [00:13<00:00, 35.68it/s] 

Calculating final training accuracy...
Epoch 13 Training: 99.02% | Loss: 0.0316: 100%|██████████████████████████████| 469/469 [00:04<00:00, 101.41it/s]

Calculating test accuracy...
Epoch 13 Testing: 99.18% | Loss: 0.0240: 100%|██████████████████████████████| 79/79 [00:01<00:00, 41.61it/s]

Epoch 13 Summary:
Training - Accuracy: 99.02%, Loss: 0.0316
Testing  - Accuracy: 99.18%, Loss: 0.0240
New best accuracy! Saving model...

Epoch 14/15
==================================================
Realtime Epoch Training Accuracy: 98.96% | Loss: 0.0418: 100%|██████████████████████████████| 469/469 [00:12<00:00, 36.11it/s] 

Calculating final training accuracy...
Epoch 14 Training: 99.07% | Loss: 0.0295: 100%|██████████████████████████████| 469/469 [00:04<00:00, 103.94it/s]

Calculating test accuracy...
Epoch 14 Testing: 99.24% | Loss: 0.0231: 100%|██████████████████████████████| 79/79 [00:01<00:00, 39.70it/s]

Epoch 14 Summary:
Training - Accuracy: 99.07%, Loss: 0.0295
Testing  - Accuracy: 99.24%, Loss: 0.0231
New best accuracy! Saving model...

Epoch 15/15
==================================================
Realtime Epoch Training Accuracy: 97.92% | Loss: 0.0506: 100%|██████████████████████████████| 469/469 [00:13<00:00, 34.01it/s] 

Calculating final training accuracy...
Epoch 15 Training: 99.11% | Loss: 0.0279: 100%|██████████████████████████████| 469/469 [00:04<00:00, 103.98it/s]

Calculating test accuracy...
Epoch 15 Testing: 99.27% | Loss: 0.0226: 100%|██████████████████████████████| 79/79 [00:01<00:00, 41.08it/s]

Epoch 15 Summary:
Training - Accuracy: 99.11%, Loss: 0.0279
Testing  - Accuracy: 99.27%, Loss: 0.0226
New best accuracy! Saving model...

==================================================
TRAINING COMPLETED - FINAL RESULTS
==================================================

Model Architecture:
└── Total Parameters: 4,738

Best Model achieved at Epoch 15:
├── Training Accuracy: 99.11%
├── Training Loss: 0.0279
├── Test Accuracy: 99.27%
└── Test Loss: 0.0226

Model saved as: 'best_model.pth'
==================================================