(session7) (base) Chaitanyas-MacBook-Pro:mnist-fine-tuned-pro chaitanyasagargurujula$ python -m src.train --model super_light --is_train_aug False
Using device: cpu
Selected model: super_light
Total parameters: 4842
Training Data Augmented: False

Epoch 1/15
==================================================
Realtime Epoch Training Accuracy: 98.96% | Loss: 0.0581: 100%|██████████████████████████████| 469/469 [00:15<00:00, 29.71it/s] 

Calculating final training accuracy...
Epoch 1 Training: 97.58% | Loss: 0.0868: 100%|██████████████████████████████| 469/469 [00:05<00:00, 93.66it/s] 

Calculating test accuracy...
Epoch 1 Testing: 97.79% | Loss: 0.0763: 100%|██████████████████████████████| 79/79 [00:01<00:00, 40.15it/s]

Epoch 1 Summary:
Training - Accuracy: 97.58%, Loss: 0.0868
Testing  - Accuracy: 97.79%, Loss: 0.0763
New best accuracy! Saving model...

Epoch 2/15
==================================================
Realtime Epoch Training Accuracy: 100.00% | Loss: 0.0220: 100%|██████████████████████████████| 469/469 [00:14<00:00, 31.72it/s]

Calculating final training accuracy...
Epoch 2 Training: 98.45% | Loss: 0.0518: 100%|██████████████████████████████| 469/469 [00:04<00:00, 101.27it/s]

Calculating test accuracy...
Epoch 2 Testing: 98.50% | Loss: 0.0456: 100%|██████████████████████████████| 79/79 [00:01<00:00, 40.17it/s]

Epoch 2 Summary:
Training - Accuracy: 98.45%, Loss: 0.0518
Testing  - Accuracy: 98.50%, Loss: 0.0456
New best accuracy! Saving model...

Epoch 3/15
==================================================
Realtime Epoch Training Accuracy: 100.00% | Loss: 0.0138: 100%|██████████████████████████████| 469/469 [00:14<00:00, 31.42it/s]

Calculating final training accuracy...
Epoch 3 Training: 98.67% | Loss: 0.0421: 100%|██████████████████████████████| 469/469 [00:04<00:00, 102.28it/s]

Calculating test accuracy...
Epoch 3 Testing: 98.71% | Loss: 0.0379: 100%|██████████████████████████████| 79/79 [00:02<00:00, 39.23it/s]

Epoch 3 Summary:
Training - Accuracy: 98.67%, Loss: 0.0421
Testing  - Accuracy: 98.71%, Loss: 0.0379
New best accuracy! Saving model...

Epoch 4/15
==================================================
Realtime Epoch Training Accuracy: 98.96% | Loss: 0.0564: 100%|██████████████████████████████| 469/469 [00:14<00:00, 31.63it/s] 

Calculating final training accuracy...
Epoch 4 Training: 98.16% | Loss: 0.0566: 100%|██████████████████████████████| 469/469 [00:04<00:00, 101.43it/s]

Calculating test accuracy...
Epoch 4 Testing: 98.16% | Loss: 0.0529: 100%|██████████████████████████████| 79/79 [00:01<00:00, 40.77it/s]

Epoch 4 Summary:
Training - Accuracy: 98.16%, Loss: 0.0566
Testing  - Accuracy: 98.16%, Loss: 0.0529

Epoch 5/15
==================================================
Realtime Epoch Training Accuracy: 97.92% | Loss: 0.0346: 100%|██████████████████████████████| 469/469 [00:14<00:00, 31.60it/s] 

Calculating final training accuracy...
Epoch 5 Training: 98.78% | Loss: 0.0389: 100%|██████████████████████████████| 469/469 [00:04<00:00, 101.19it/s]

Calculating test accuracy...
Epoch 5 Testing: 98.93% | Loss: 0.0352: 100%|██████████████████████████████| 79/79 [00:01<00:00, 40.52it/s]

Epoch 5 Summary:
Training - Accuracy: 98.78%, Loss: 0.0389
Testing  - Accuracy: 98.93%, Loss: 0.0352
New best accuracy! Saving model...

Epoch 6/15
==================================================
Realtime Epoch Training Accuracy: 100.00% | Loss: 0.0101: 100%|██████████████████████████████| 469/469 [00:15<00:00, 31.25it/s]

Calculating final training accuracy...
Epoch 6 Training: 99.02% | Loss: 0.0315: 100%|██████████████████████████████| 469/469 [00:04<00:00, 98.50it/s] 

Calculating test accuracy...
Epoch 6 Testing: 98.91% | Loss: 0.0345: 100%|██████████████████████████████| 79/79 [00:01<00:00, 40.53it/s]

Epoch 6 Summary:
Training - Accuracy: 99.02%, Loss: 0.0315
Testing  - Accuracy: 98.91%, Loss: 0.0345

Epoch 7/15
==================================================
Realtime Epoch Training Accuracy: 98.96% | Loss: 0.0165: 100%|██████████████████████████████| 469/469 [00:15<00:00, 31.06it/s] 

Calculating final training accuracy...
Epoch 7 Training: 99.21% | Loss: 0.0247: 100%|██████████████████████████████| 469/469 [00:04<00:00, 102.12it/s]

Calculating test accuracy...
Epoch 7 Testing: 99.05% | Loss: 0.0279: 100%|██████████████████████████████| 79/79 [00:01<00:00, 40.68it/s]

Epoch 7 Summary:
Training - Accuracy: 99.21%, Loss: 0.0247
Testing  - Accuracy: 99.05%, Loss: 0.0279
New best accuracy! Saving model...

Epoch 8/15
==================================================
Realtime Epoch Training Accuracy: 96.88% | Loss: 0.0750: 100%|██████████████████████████████| 469/469 [00:15<00:00, 30.73it/s] 

Calculating final training accuracy...
Epoch 8 Training: 99.23% | Loss: 0.0236: 100%|██████████████████████████████| 469/469 [00:04<00:00, 101.60it/s]

Calculating test accuracy...
Epoch 8 Testing: 99.21% | Loss: 0.0264: 100%|██████████████████████████████| 79/79 [00:01<00:00, 40.50it/s]

Epoch 8 Summary:
Training - Accuracy: 99.23%, Loss: 0.0236
Testing  - Accuracy: 99.21%, Loss: 0.0264
New best accuracy! Saving model...

Epoch 9/15
==================================================
Realtime Epoch Training Accuracy: 100.00% | Loss: 0.0059: 100%|██████████████████████████████| 469/469 [00:15<00:00, 30.85it/s]

Calculating final training accuracy...
Epoch 9 Training: 99.31% | Loss: 0.0215: 100%|██████████████████████████████| 469/469 [00:04<00:00, 98.31it/s] 

Calculating test accuracy...
Epoch 9 Testing: 99.04% | Loss: 0.0290: 100%|██████████████████████████████| 79/79 [00:01<00:00, 40.60it/s]

Epoch 9 Summary:
Training - Accuracy: 99.31%, Loss: 0.0215
Testing  - Accuracy: 99.04%, Loss: 0.0290

Epoch 10/15
==================================================
Realtime Epoch Training Accuracy: 100.00% | Loss: 0.0075: 100%|██████████████████████████████| 469/469 [00:15<00:00, 29.82it/s]

Calculating final training accuracy...
Epoch 10 Training: 99.40% | Loss: 0.0183: 100%|██████████████████████████████| 469/469 [00:04<00:00, 102.37it/s]

Calculating test accuracy...
Epoch 10 Testing: 99.32% | Loss: 0.0226: 100%|██████████████████████████████| 79/79 [00:01<00:00, 40.87it/s]

Epoch 10 Summary:
Training - Accuracy: 99.40%, Loss: 0.0183
Testing  - Accuracy: 99.32%, Loss: 0.0226
New best accuracy! Saving model...

Epoch 11/15
==================================================
Realtime Epoch Training Accuracy: 98.96% | Loss: 0.0325: 100%|██████████████████████████████| 469/469 [00:15<00:00, 30.83it/s] 

Calculating final training accuracy...
Epoch 11 Training: 99.59% | Loss: 0.0130: 100%|██████████████████████████████| 469/469 [00:04<00:00, 100.84it/s]

Calculating test accuracy...
Epoch 11 Testing: 99.33% | Loss: 0.0192: 100%|██████████████████████████████| 79/79 [00:02<00:00, 38.08it/s]

Epoch 11 Summary:
Training - Accuracy: 99.59%, Loss: 0.0130
Testing  - Accuracy: 99.33%, Loss: 0.0192
New best accuracy! Saving model...

Epoch 12/15
==================================================
Realtime Epoch Training Accuracy: 97.92% | Loss: 0.0414: 100%|██████████████████████████████| 469/469 [00:16<00:00, 28.31it/s] 

Calculating final training accuracy...
Epoch 12 Training: 99.66% | Loss: 0.0119: 100%|██████████████████████████████| 469/469 [00:04<00:00, 101.81it/s]

Calculating test accuracy...
Epoch 12 Testing: 99.39% | Loss: 0.0198: 100%|██████████████████████████████| 79/79 [00:01<00:00, 40.79it/s]

Epoch 12 Summary:
Training - Accuracy: 99.66%, Loss: 0.0119
Testing  - Accuracy: 99.39%, Loss: 0.0198
New best accuracy! Saving model...

Epoch 13/15
==================================================
Realtime Epoch Training Accuracy: 98.96% | Loss: 0.0231: 100%|██████████████████████████████| 469/469 [00:16<00:00, 29.17it/s] 

Calculating final training accuracy...
Epoch 13 Training: 99.70% | Loss: 0.0104: 100%|██████████████████████████████| 469/469 [00:04<00:00, 102.57it/s]

Calculating test accuracy...
Epoch 13 Testing: 99.39% | Loss: 0.0187: 100%|██████████████████████████████| 79/79 [00:02<00:00, 38.26it/s]

Epoch 13 Summary:
Training - Accuracy: 99.70%, Loss: 0.0104
Testing  - Accuracy: 99.39%, Loss: 0.0187

Epoch 14/15
==================================================
Realtime Epoch Training Accuracy: 98.96% | Loss: 0.0152: 100%|██████████████████████████████| 469/469 [00:15<00:00, 29.34it/s] 

Calculating final training accuracy...
Epoch 14 Training: 99.72% | Loss: 0.0097: 100%|██████████████████████████████| 469/469 [00:04<00:00, 101.76it/s]

Calculating test accuracy...
Epoch 14 Testing: 99.39% | Loss: 0.0186: 100%|██████████████████████████████| 79/79 [00:01<00:00, 40.59it/s]

Epoch 14 Summary:
Training - Accuracy: 99.72%, Loss: 0.0097
Testing  - Accuracy: 99.39%, Loss: 0.0186

Epoch 15/15
==================================================
Realtime Epoch Training Accuracy: 97.92% | Loss: 0.0476: 100%|██████████████████████████████| 469/469 [00:15<00:00, 30.39it/s] 

Calculating final training accuracy...
Epoch 15 Training: 99.72% | Loss: 0.0094: 100%|██████████████████████████████| 469/469 [00:04<00:00, 101.19it/s]

Calculating test accuracy...
Epoch 15 Testing: 99.42% | Loss: 0.0183: 100%|██████████████████████████████| 79/79 [00:01<00:00, 40.40it/s]

Epoch 15 Summary:
Training - Accuracy: 99.72%, Loss: 0.0094
Testing  - Accuracy: 99.42%, Loss: 0.0183
New best accuracy! Saving model...

==================================================
TRAINING COMPLETED - FINAL RESULTS
==================================================

Model Architecture:
└── Total Parameters: 4,842

Best Model achieved at Epoch 15:
├── Training Accuracy: 99.72%
├── Training Loss: 0.0094
├── Test Accuracy: 99.42%
└── Test Loss: 0.0183

Model saved as: 'best_model.pth'
==================================================